<testsuites name="jest tests" tests="5" failures="0" time="4.145">
  <testsuite name="Scrape statuspage.io" errors="0" failures="0" skipped="0" timestamp="2018-09-30T03:14:55" time="2.903" tests="5">
    <testcase classname="Scrape statuspage.io It should succeed" name="Scrape statuspage.io It should succeed" time="0.755">
    </testcase>
    <testcase classname="Send request without target It should 400" name="Send request without target It should 400" time="0.01">
    </testcase>
    <testcase classname="Send request with missing parsing strategy It should 500" name="Send request with missing parsing strategy It should 500" time="0.004">
    </testcase>
    <testcase classname="Send request with bad token It should 500" name="Send request with bad token It should 500" time="0.003">
    </testcase>
    <testcase classname="Send request with no authorization header It should 500" name="Send request with no authorization header It should 500" time="0.004">
    </testcase>
  </testsuite>
</testsuites>